
> guest-post-workflow@1.0.0 build
> next build

   ▲ Next.js 15.3.4
   - Environments: .env.local

   Creating an optimized production build ...
 ✓ Compiled successfully in 37.0s
   Linting and checking validity of types ...

./app/account/orders/[id]/status/page.tsx
132:6  Warning: React Hook useEffect has a missing dependency: 'fetchOrder'. Either include it or remove the dependency array.  react-hooks/exhaustive-deps

./app/account/reset-password/page.tsx
31:6  Warning: React Hook useEffect has a missing dependency: 'validateToken'. Either include it or remove the dependency array.  react-hooks/exhaustive-deps

./app/admin/audit-images/page.tsx
80:13  Warning: Image elements must have an alt prop, either with meaningful text, or an empty string for decorative images.  jsx-a11y/alt-text

./app/admin/email/page.tsx
105:6  Warning: React Hook useEffect has a missing dependency: 'loadLogs'. Either include it or remove the dependency array.  react-hooks/exhaustive-deps

./app/admin/impersonation-logs/page.tsx
46:6  Warning: React Hook useEffect has a missing dependency: 'fetchLogs'. Either include it or remove the dependency array.  react-hooks/exhaustive-deps

./app/admin/publisher-migration/analytics/page.tsx
88:6  Warning: React Hook useEffect has a missing dependency: 'loadAnalyticsData'. Either include it or remove the dependency array.  react-hooks/exhaustive-deps

./app/admin/signup-monitoring/page.tsx
43:6  Warning: React Hook useEffect has a missing dependency: 'fetchData'. Either include it or remove the dependency array.  react-hooks/exhaustive-deps

./app/billing/page.tsx
53:6  Warning: React Hook useEffect has a missing dependency: 'fetchBillingHistory'. Either include it or remove the dependency array.  react-hooks/exhaustive-deps

./app/brand-intelligence/answer/[token]/page.tsx
41:6  Warning: React Hook useEffect has a missing dependency: 'loadQuestions'. Either include it or remove the dependency array.  react-hooks/exhaustive-deps

./app/bulk-analysis/assigned/page.tsx
54:6  Warning: React Hook useEffect has a missing dependency: 'router'. Either include it or remove the dependency array.  react-hooks/exhaustive-deps

./app/bulk-analysis/page-old.tsx
117:6  Warning: React Hook useEffect has a missing dependency: 'loadDomains'. Either include it or remove the dependency array.  react-hooks/exhaustive-deps

./app/bulk-analysis/page.tsx
92:6  Warning: React Hook useEffect has a missing dependency: 'loadData'. Either include it or remove the dependency array.  react-hooks/exhaustive-deps

./app/claim/[token]/page.tsx
53:6  Warning: React Hook useEffect has a missing dependency: 'validateToken'. Either include it or remove the dependency array.  react-hooks/exhaustive-deps

./app/clients/[id]/brand-intelligence/page.tsx
29:6  Warning: React Hook useEffect has a missing dependency: 'loadClient'. Either include it or remove the dependency array.  react-hooks/exhaustive-deps

./app/clients/[id]/bulk-analysis/page.tsx
49:6  Warning: React Hook useEffect has a missing dependency: 'loadClient'. Either include it or remove the dependency array.  react-hooks/exhaustive-deps
55:6  Warning: React Hook useEffect has a missing dependency: 'loadProjects'. Either include it or remove the dependency array.  react-hooks/exhaustive-deps

./app/clients/[id]/bulk-analysis/projects/[projectId]/page.tsx
295:6  Warning: React Hook useEffect has missing dependencies: 'loadClient' and 'loadProject'. Either include them or remove the dependency array.  react-hooks/exhaustive-deps
301:6  Warning: React Hook useEffect has a missing dependency: 'loadDomains'. Either include it or remove the dependency array.  react-hooks/exhaustive-deps
335:6  Warning: React Hook useEffect has a missing dependency: 'loadOrderContext'. Either include it or remove the dependency array.  react-hooks/exhaustive-deps

./app/clients/[id]/page.tsx
114:6  Warning: React Hook useEffect has missing dependencies: 'loadClient' and 'loadOutlinePreferences'. Either include them or remove the dependency array.  react-hooks/exhaustive-deps

./app/clients/[id]/target-page-intelligence/[targetPageId]/page.tsx
42:6  Warning: React Hook useEffect has missing dependencies: 'loadClient' and 'loadTargetPage'. Either include them or remove the dependency array.  react-hooks/exhaustive-deps

./app/clients/page.tsx
55:6  Warning: React Hook useEffect has a missing dependency: 'loadClients'. Either include it or remove the dependency array.  react-hooks/exhaustive-deps

./app/internal/publishers/[id]/edit/page.tsx
43:6  Warning: React Hook useEffect has a missing dependency: 'params'. Either include it or remove the dependency array.  react-hooks/exhaustive-deps

./app/internal/publishers/[id]/offerings/[offeringId]/edit/page.tsx
128:6  Warning: React Hook useEffect has a missing dependency: 'loadOffering'. Either include it or remove the dependency array.  react-hooks/exhaustive-deps

./app/internal/tasks/TasksPageClient.tsx
927:6  Warning: React Hook useCallback has a missing dependency: 'groupBy'. Either include it or remove the dependency array.  react-hooks/exhaustive-deps

./app/internal/vetted-sites/requests/InternalVettedSitesRequestsClient.tsx
86:6  Warning: React Hook useEffect has a missing dependency: 'fetchRequests'. Either include it or remove the dependency array.  react-hooks/exhaustive-deps

./app/internal/vetted-sites/requests/[id]/InternalVettedSitesRequestDetailClient.tsx
93:6  Warning: React Hook useEffect has a missing dependency: 'fetchRequestDetail'. Either include it or remove the dependency array.  react-hooks/exhaustive-deps

./app/internal/vetted-sites/requests/[id]/InternalVettedSitesRequestDetailClientV2.tsx
129:6  Warning: React Hook useEffect has a missing dependency: 'fetchRequestDetail'. Either include it or remove the dependency array.  react-hooks/exhaustive-deps
135:6  Warning: React Hook useEffect has a missing dependency: 'checkTargetPageStatuses'. Either include it or remove the dependency array.  react-hooks/exhaustive-deps

./app/internal/vetted-sites/requests/[id]/InternalVettedSitesRequestDetailV3.tsx
146:6  Warning: React Hook useEffect has a missing dependency: 'fetchRequestDetail'. Either include it or remove the dependency array.  react-hooks/exhaustive-deps
153:6  Warning: React Hook useEffect has a missing dependency: 'checkTargetPageStatuses'. Either include it or remove the dependency array.  react-hooks/exhaustive-deps

./app/orders/[id]/edit/page.tsx
454:6  Warning: React Hook useCallback has a missing dependency: 'getCurrentWholesaleEstimate'. Either include it or remove the dependency array.  react-hooks/exhaustive-deps
500:6  Warning: React Hook useEffect has missing dependencies: 'isAccountUser', 'loadAccounts', 'loadDraftOrder', and 'session'. Either include them or remove the dependency array.  react-hooks/exhaustive-deps
908:6  Warning: React Hook useCallback has a missing dependency: 'orderPreferences'. Either include it or remove the dependency array.  react-hooks/exhaustive-deps

./app/orders/[id]/internal/page.tsx
344:6  Warning: React Hook useEffect has missing dependencies: 'loadOrder' and 'router'. Either include them or remove the dependency array.  react-hooks/exhaustive-deps
358:6  Warning: React Hook useEffect has missing dependencies: 'checkTargetPageStatuses', 'loadBenchmarkData', and 'loadSiteSubmissions'. Either include them or remove the dependency array.  react-hooks/exhaustive-deps

./app/orders/[id]/invoice/page.tsx
49:6  Warning: React Hook useEffect has a missing dependency: 'fetchInvoice'. Either include it or remove the dependency array.  react-hooks/exhaustive-deps

./app/orders/[id]/page.tsx
202:6  Warning: React Hook useEffect has a missing dependency: 'loadOrder'. Either include it or remove the dependency array.  react-hooks/exhaustive-deps
265:6  Warning: React Hook useEffect has a missing dependency: 'loadBenchmarkData'. Either include it or remove the dependency array.  react-hooks/exhaustive-deps

./app/orders/[id]/payment/page.tsx
103:15  Warning: Do not use an `<a>` element to navigate to `/orders/`. Use `<Link />` from `next/link` instead. See: https://nextjs.org/docs/messages/no-html-link-for-pages  @next/next/no-html-link-for-pages
125:15  Warning: Do not use an `<a>` element to navigate to `/orders/`. Use `<Link />` from `next/link` instead. See: https://nextjs.org/docs/messages/no-html-link-for-pages  @next/next/no-html-link-for-pages

./app/orders/[id]/payment/success/page.tsx
36:6  Warning: React Hook useEffect has a missing dependency: 'verifyPaymentSuccess'. Either include it or remove the dependency array.  react-hooks/exhaustive-deps

./app/orders/[id]/review/page.tsx
51:6  Warning: React Hook useEffect has a missing dependency: 'fetchOrder'. Either include it or remove the dependency array.  react-hooks/exhaustive-deps

./app/orders/claim/[token]/page.tsx
68:6  Warning: React Hook useEffect has a missing dependency: 'loadOrderByToken'. Either include it or remove the dependency array.  react-hooks/exhaustive-deps

./app/orders/page.tsx
123:6  Warning: React Hook useEffect has a missing dependency: 'fetchOrders'. Either include it or remove the dependency array.  react-hooks/exhaustive-deps

./app/publisher/(dashboard)/offerings/[id]/edit/page.tsx
135:6  Warning: React Hook useEffect has a missing dependency: 'loadOffering'. Either include it or remove the dependency array.  react-hooks/exhaustive-deps

./app/publisher/(dashboard)/offerings/[id]/pricing-rules/page.tsx
162:6  Warning: React Hook useEffect has missing dependencies: 'loadOffering' and 'loadPricingRules'. Either include them or remove the dependency array.  react-hooks/exhaustive-deps

./app/publisher/(dashboard)/websites/[id]/edit/page.tsx
38:6  Warning: React Hook useEffect has a missing dependency: 'loadWebsite'. Either include it or remove the dependency array.  react-hooks/exhaustive-deps

./app/publisher/(dashboard)/websites/[id]/page.tsx
56:6  Warning: React Hook useEffect has a missing dependency: 'fetchWebsite'. Either include it or remove the dependency array.  react-hooks/exhaustive-deps

./app/publisher/(dashboard)/websites/[id]/verify/page.tsx
97:6  Warning: React Hook useEffect has a missing dependency: 'loadWebsite'. Either include it or remove the dependency array.  react-hooks/exhaustive-deps

./app/publisher/claim/[token]/page.tsx
57:6  Warning: React Hook useEffect has a missing dependency: 'validateToken'. Either include it or remove the dependency array.  react-hooks/exhaustive-deps

./app/publisher/claim/page.tsx
51:6  Warning: React Hook useEffect has a missing dependency: 'validateToken'. Either include it or remove the dependency array.  react-hooks/exhaustive-deps

./app/register/account/page.tsx
51:6  Warning: React Hook useEffect has a missing dependency: 'verifyInvitation'. Either include it or remove the dependency array.  react-hooks/exhaustive-deps

./app/reset-password/page.tsx
31:6  Warning: React Hook useEffect has a missing dependency: 'validateToken'. Either include it or remove the dependency array.  react-hooks/exhaustive-deps

./app/verify-email/page.tsx
29:6  Warning: React Hook useEffect has a missing dependency: 'verifyEmail'. Either include it or remove the dependency array.  react-hooks/exhaustive-deps

./app/vetted-sites/components/AddToOrderModal.tsx
49:6  Warning: React Hook useEffect has a missing dependency: 'fetchAvailableOrders'. Either include it or remove the dependency array.  react-hooks/exhaustive-deps

./app/vetted-sites/components/AddToOrderModalV2.tsx
61:6  Warning: React Hook useEffect has missing dependencies: 'fetchAvailableOrders', 'fetchTargetUrls', and 'initializeDomainSettings'. Either include them or remove the dependency array.  react-hooks/exhaustive-deps

./app/vetted-sites/components/QuickOrderModalV2.tsx
55:6  Warning: React Hook useEffect has missing dependencies: 'fetchAccountData', 'fetchTargetUrls', and 'initializeDomainSettings'. Either include them or remove the dependency array.  react-hooks/exhaustive-deps

./app/vetted-sites/components/VettedSitesFilters.tsx
43:9  Warning: The 'filters' logical expression could make the dependencies of useEffect Hook (at line 127) change on every render. To fix this, wrap the initialization of 'filters' in its own useMemo() Hook.  react-hooks/exhaustive-deps

./app/vetted-sites/components/VettedSitesFiltersNew.tsx
75:9  Warning: The 'filters' logical expression could make the dependencies of useEffect Hook (at line 285) change on every render. To fix this, wrap the initialization of 'filters' in its own useMemo() Hook.  react-hooks/exhaustive-deps

./app/vetted-sites/components/VettedSitesFiltersPro.tsx
70:9  Warning: The 'filters' logical expression could make the dependencies of useEffect Hook (at line 276) change on every render. To fix this, wrap the initialization of 'filters' in its own useMemo() Hook.  react-hooks/exhaustive-deps

./app/vetted-sites/requests/[id]/edit/page.tsx
74:13  Warning: Do not use an `<a>` element to navigate to `/vetted-sites/requests/`. Use `<Link />` from `next/link` instead. See: https://nextjs.org/docs/messages/no-html-link-for-pages  @next/next/no-html-link-for-pages
95:15  Warning: Do not use an `<a>` element to navigate to `/vetted-sites/requests/`. Use `<Link />` from `next/link` instead. See: https://nextjs.org/docs/messages/no-html-link-for-pages  @next/next/no-html-link-for-pages

./app/vetted-sites/requests/[id]/page.tsx
65:13  Warning: Do not use an `<a>` element to navigate to `/vetted-sites/requests/`. Use `<Link />` from `next/link` instead. See: https://nextjs.org/docs/messages/no-html-link-for-pages  @next/next/no-html-link-for-pages
89:15  Warning: Do not use an `<a>` element to navigate to `/vetted-sites/requests/`. Use `<Link />` from `next/link` instead. See: https://nextjs.org/docs/messages/no-html-link-for-pages  @next/next/no-html-link-for-pages
221:11  Warning: Do not use an `<a>` element to navigate to `/vetted-sites/requests/`. Use `<Link />` from `next/link` instead. See: https://nextjs.org/docs/messages/no-html-link-for-pages  @next/next/no-html-link-for-pages

./app/vetted-sites/requests/components/VettedSitesRequestsList.tsx
97:6  Warning: React Hook useEffect has a missing dependency: 'fetchRequests'. Either include it or remove the dependency array.  react-hooks/exhaustive-deps

./components/AccountAuthWrapper.tsx
38:6  Warning: React Hook useEffect has missing dependencies: 'checkAuth' and 'refreshTokenIfNeeded'. Either include them or remove the dependency array.  react-hooks/exhaustive-deps

./components/ActivityTimeline.tsx
196:6  Warning: React Hook useEffect has a missing dependency: 'fetchActivities'. Either include it or remove the dependency array.  react-hooks/exhaustive-deps

./components/BulkAnalysisResultsModal.tsx
45:6  Warning: React Hook useEffect has a missing dependency: 'fetchResults'. Either include it or remove the dependency array.  react-hooks/exhaustive-deps

./components/BulkAnalysisTable.tsx
215:6  Warning: React Hook useEffect has missing dependencies: 'props' and 'toggleExpanded'. Either include them or remove the dependency array. However, 'props' will change when *any* prop changes, so the preferred fix is to destructure the 'props' object outside of the useEffect call and refer to those specific props inside useEffect.  react-hooks/exhaustive-deps

./components/DataForSeoResultsModal.tsx
75:6  Warning: React Hook useEffect has missing dependencies: 'loadResults' and 'results.length'. Either include them or remove the dependency array.  react-hooks/exhaustive-deps

./components/GuidedTriageFlow.tsx
414:6  Warning: React Hook useEffect has missing dependencies: 'handleQualify' and 'props'. Either include them or remove the dependency array. However, 'props' will change when *any* prop changes, so the preferred fix is to destructure the 'props' object outside of the useEffect call and refer to those specific props inside useEffect.  react-hooks/exhaustive-deps

./components/PublisherAuthWrapper.tsx
37:6  Warning: React Hook useEffect has missing dependencies: 'checkAuth' and 'refreshTokenIfNeeded'. Either include them or remove the dependency array.  react-hooks/exhaustive-deps

./components/StepForm.tsx
250:6  Warning: React Hook useEffect has missing dependencies: 'autoSaveTimer', 'handleSave', and 'step.outputs.finalArticle'. Either include them or remove the dependency array.  react-hooks/exhaustive-deps

./components/StructuredData.tsx
9:5  Warning: `next/script`'s `beforeInteractive` strategy should not be used outside of `pages/_document.js`. See: https://nextjs.org/docs/messages/no-before-interactive-script-outside-document  @next/next/no-before-interactive-script-outside-document

./components/UserAssignmentModal.tsx
37:6  Warning: React Hook useEffect has a missing dependency: 'loadUsers'. Either include it or remove the dependency array.  react-hooks/exhaustive-deps

./components/WorkflowList.tsx
30:6  Warning: React Hook useEffect has a missing dependency: 'filterWorkflows'. Either include it or remove the dependency array.  react-hooks/exhaustive-deps

./components/WorkflowListEnhanced.tsx
245:6  Warning: React Hook useMemo has missing dependencies: 'clients' and 'getWorkflowStatus'. Either include them or remove the dependency array.  react-hooks/exhaustive-deps

./components/bulk-analysis/AirtableImportModal.tsx
45:6  Warning: React Hook useEffect has a missing dependency: 'searchWebsites'. Either include it or remove the dependency array.  react-hooks/exhaustive-deps

./components/bulk-analysis/InlineDatabaseSelector.tsx
111:6  Warning: React Hook useEffect has missing dependencies: 'loadCategories' and 'loadWebsites'. Either include them or remove the dependency array.  react-hooks/exhaustive-deps

./components/bulk-analysis/MoveToProjectDialog.tsx
41:6  Warning: React Hook useEffect has a missing dependency: 'loadProjects'. Either include it or remove the dependency array.  react-hooks/exhaustive-deps

./components/orders/AdminDomainTable.tsx
56:6  Warning: React Hook useEffect has a missing dependency: 'loadAdminData'. Either include it or remove the dependency array.  react-hooks/exhaustive-deps

./components/orders/ChangeBulkAnalysisProject.tsx
45:6  Warning: React Hook useEffect has a missing dependency: 'loadProjects'. Either include it or remove the dependency array.  react-hooks/exhaustive-deps

./components/orders/DomainAssignmentModal.tsx
98:6  Warning: React Hook useEffect has a missing dependency: 'loadAvailableOrders'. Either include it or remove the dependency array.  react-hooks/exhaustive-deps
105:6  Warning: React Hook useEffect has a missing dependency: 'generateSmartAssignments'. Either include it or remove the dependency array.  react-hooks/exhaustive-deps

./components/orders/InlineAnchorEditor.tsx
109:6  Warning: React Hook useEffect has missing dependencies: 'handleCancel' and 'handleSave'. Either include them or remove the dependency array.  react-hooks/exhaustive-deps

./components/orders/LineItemsTable.tsx
330:6  Warning: React Hook useEffect has a missing dependency: 'fetchEnrichedData'. Either include it or remove the dependency array.  react-hooks/exhaustive-deps

./components/orders/OrderSelectionModal.tsx
51:6  Warning: React Hook useEffect has missing dependencies: 'loadAssociatedOrders' and 'loadDraftOrders'. Either include them or remove the dependency array.  react-hooks/exhaustive-deps

./components/orders/OrderSiteReviewTable.tsx
214:6  Warning: React Hook useCallback has an unnecessary dependency: 'userType'. Either exclude it or remove the dependency array.  react-hooks/exhaustive-deps

./components/orders/OrderSuggestionsModule.tsx
135:6  Warning: React Hook useEffect has missing dependencies: 'fetchSuggestions' and 'suggestions.length'. Either include them or remove the dependency array.  react-hooks/exhaustive-deps

./components/orders/PricingEstimator.tsx
252:6  Warning: React Hook useCallback has a missing dependency: 'onEstimateChange'. Either include it or remove the dependency array. If 'onEstimateChange' changes too often, find the parent component that defines it and wrap that definition in useCallback.  react-hooks/exhaustive-deps

./components/orders/TableTargetDropdown.tsx
79:6  Warning: React Hook useEffect has missing dependencies: 'loadTargetPages' and 'targetPages.length'. Either include them or remove the dependency array.  react-hooks/exhaustive-deps
96:6  Warning: React Hook useEffect has a missing dependency: 'setIsOpen'. Either include it or remove the dependency array.  react-hooks/exhaustive-deps

./components/publisher/PublisherEarningsOverview.tsx
122:6  Warning: React Hook useEffect has a missing dependency: 'fetchEarnings'. Either include it or remove the dependency array.  react-hooks/exhaustive-deps

./components/publisher/PublisherOrdersList.tsx
120:6  Warning: React Hook useEffect has a missing dependency: 'fetchOrders'. Either include it or remove the dependency array.  react-hooks/exhaustive-deps

./components/steps/ClientLinkStep.tsx
82:6  Warning: React Hook useEffect has missing dependencies: 'onChange' and 'step.outputs'. Either include them or remove the dependency array. If 'onChange' changes too often, find the parent component that defines it and wrap that definition in useCallback.  react-hooks/exhaustive-deps

./components/steps/ClientMentionStep.tsx
63:6  Warning: React Hook useEffect has missing dependencies: 'onChange' and 'step.outputs'. Either include them or remove the dependency array. If 'onChange' changes too often, find the parent component that defines it and wrap that definition in useCallback.  react-hooks/exhaustive-deps

./components/steps/ExternalLinksStep.tsx
63:6  Warning: React Hook useEffect has missing dependencies: 'onChange' and 'step.outputs'. Either include them or remove the dependency array. If 'onChange' changes too often, find the parent component that defines it and wrap that definition in useCallback.  react-hooks/exhaustive-deps

./components/steps/InternalLinksStep.tsx
67:6  Warning: React Hook useEffect has missing dependencies: 'onChange' and 'step.outputs'. Either include them or remove the dependency array. If 'onChange' changes too often, find the parent component that defines it and wrap that definition in useCallback.  react-hooks/exhaustive-deps

./components/steps/KeywordResearchStepClean.tsx
60:9  Warning: The 'allActiveTargetPages' logical expression could make the dependencies of useEffect Hook (at line 102) change on every render. To fix this, wrap the initialization of 'allActiveTargetPages' in its own useMemo() Hook.  react-hooks/exhaustive-deps
60:9  Warning: The 'allActiveTargetPages' logical expression could make the dependencies of useCallback Hook (at line 171) change on every render. To fix this, wrap the initialization of 'allActiveTargetPages' in its own useMemo() Hook.  react-hooks/exhaustive-deps
60:9  Warning: The 'allActiveTargetPages' logical expression could make the dependencies of useEffect Hook (at line 254) change on every render. To fix this, wrap the initialization of 'allActiveTargetPages' in its own useMemo() Hook.  react-hooks/exhaustive-deps

./components/steps/PublisherPreApprovalStep.tsx
56:6  Warning: React Hook useEffect has missing dependencies: 'onChange' and 'step.outputs'. Either include them or remove the dependency array. If 'onChange' changes too often, find the parent component that defines it and wrap that definition in useCallback.  react-hooks/exhaustive-deps

./components/steps/TopicGenerationImproved.tsx
54:6  Warning: React Hook useEffect has a missing dependency: 'loadingClient'. Either include it or remove the dependency array.  react-hooks/exhaustive-deps
82:6  Warning: React Hook useEffect has missing dependencies: 'onChange' and 'step.outputs'. Either include them or remove the dependency array. If 'onChange' changes too often, find the parent component that defines it and wrap that definition in useCallback.  react-hooks/exhaustive-deps

./components/steps/TopicGenerationStepClean.tsx
52:6  Warning: React Hook useEffect has a missing dependency: 'loadingClient'. Either include it or remove the dependency array.  react-hooks/exhaustive-deps

./components/ui/AgenticFormattingChecker.tsx
116:6  Warning: React Hook useEffect has missing dependencies: 'hasLoadedSession' and 'onComplete'. Either include them or remove the dependency array. If 'onComplete' changes too often, find the parent component that defines it and wrap that definition in useCallback.  react-hooks/exhaustive-deps
129:6  Warning: React Hook useEffect has missing dependencies: 'checks', 'cleanedArticle', 'fixesApplied', 'onComplete', and 'sessionId'. Either include them or remove the dependency array. If 'onComplete' changes too often, find the parent component that defines it and wrap that definition in useCallback.  react-hooks/exhaustive-deps

./components/ui/AgenticOutlineGenerator.tsx
76:6  Warning: React Hook useEffect has missing dependencies: 'connectToSSE' and 'onComplete'. Either include them or remove the dependency array. If 'onComplete' changes too often, find the parent component that defines it and wrap that definition in useCallback.  react-hooks/exhaustive-deps

./components/ui/AgenticOutlineGeneratorV2.tsx
78:6  Warning: React Hook useEffect has missing dependencies: 'onComplete' and 'startPolling'. Either include them or remove the dependency array. If 'onComplete' changes too often, find the parent component that defines it and wrap that definition in useCallback.  react-hooks/exhaustive-deps

./components/ui/BrandIntelligenceGenerator.tsx
173:6  Warning: React Hook useEffect has missing dependencies: 'onComplete', 'startPolling', and 'userType'. Either include them or remove the dependency array. If 'onComplete' changes too often, find the parent component that defines it and wrap that definition in useCallback.  react-hooks/exhaustive-deps

./components/ui/DuplicateResolutionModal.tsx
41:6  Warning: React Hook useEffect has a missing dependency: 'selectedDuplicate'. Either include it or remove the dependency array.  react-hooks/exhaustive-deps

./components/ui/TargetPageIntelligenceGenerator.tsx
175:6  Warning: React Hook useEffect has missing dependencies: 'onComplete', 'startPolling', and 'userType'. Either include them or remove the dependency array. If 'onComplete' changes too often, find the parent component that defines it and wrap that definition in useCallback.  react-hooks/exhaustive-deps

./components/vetted-sites/ShareVettedSitesRequestButton.tsx
70:6  Warning: React Hook useEffect has missing dependencies: 'checkQualifiedDomains' and 'qualifiedDomainCount'. Either include them or remove the dependency array.  react-hooks/exhaustive-deps

./components/vetted-sites/VettedSitesTaskAssignment.tsx
39:6  Warning: React Hook useEffect has a missing dependency: 'users.length'. Either include it or remove the dependency array.  react-hooks/exhaustive-deps

./components/websites/QualificationModal.tsx
41:6  Warning: React Hook useEffect has a missing dependency: 'loadClients'. Either include it or remove the dependency array.  react-hooks/exhaustive-deps

./components/websites/WebsiteDetailModal.tsx
95:6  Warning: React Hook useEffect has a missing dependency: 'loadWebsiteDetails'. Either include it or remove the dependency array.  react-hooks/exhaustive-deps

./lib/contexts/ImpersonationContext.tsx
87:6  Warning: React Hook useEffect has a missing dependency: 'endImpersonation'. Either include it or remove the dependency array.  react-hooks/exhaustive-deps

./lib/email/templates/PublisherInvitationEmailV2.tsx
32:7  Warning: Do not use `<head>` element. Use `<Head />` from `next/head` instead. See: https://nextjs.org/docs/messages/no-head-element  @next/next/no-head-element

./lib/email/templates/PublisherMigrationInvitationEmail.tsx
26:7  Warning: Do not use `<head>` element. Use `<Head />` from `next/head` instead. See: https://nextjs.org/docs/messages/no-head-element  @next/next/no-head-element

info  - Need to disable some ESLint rules? Learn more here: https://nextjs.org/docs/app/api-reference/config/eslint#disabling-rules
Failed to compile.

./lib/db/bulkAnalysisService.ts:614:56
Type error: Argument of type '{}' is not assignable to parameter of type 'string[]'.
  Type '{}' is missing the following properties from type 'string[]': length, pop, push, concat, and 35 more.

[0m [90m 612 |[39m               [36mconst[39m existingTargets [33m=[39m existingDomain[33m.[39mtargetPageIds [33m||[39m [][33m;[39m[0m
[0m [90m 613 |[39m               [36mconst[39m newTargets [33m=[39m targetPageIds [33m||[39m [][33m;[39m[0m
[0m[31m[1m>[22m[39m[90m 614 |[39m               [36mconst[39m mergedTargets [33m=[39m mergeTargetPageIds(existingTargets[33m,[39m newTargets)[33m;[39m[0m
[0m [90m     |[39m                                                        [31m[1m^[22m[39m[0m
[0m [90m 615 |[39m               [0m
[0m [90m 616 |[39m               [90m// Detect if targets changed (triggers re-analysis)[39m[0m
[0m [90m 617 |[39m               [36mconst[39m targetsChanged [33m=[39m hasTargetUrlsChanged(existingTargets[33m,[39m mergedTargets)[33m;[39m[0m
Next.js build worker exited with code: 1 and signal: null
