
> guest-post-workflow@1.0.0 build
> next build

   ▲ Next.js 15.3.4
   - Environments: .env.local

   Creating an optimized production build ...
 ✓ Compiled successfully in 33.0s
   Linting and checking validity of types ...

./app/accounts/page.tsx
57:6  Warning: React Hook useEffect has a missing dependency: 'router'. Either include it or remove the dependency array.  react-hooks/exhaustive-deps

./app/admin/dataforseo-audit/page.tsx
170:6  Warning: React Hook useEffect has missing dependencies: 'fetchErrors' and 'fetchTasks'. Either include them or remove the dependency array.  react-hooks/exhaustive-deps

./app/admin/dataforseo-monitoring/page.tsx
56:6  Warning: React Hook useEffect has a missing dependency: 'fetchData'. Either include it or remove the dependency array.  react-hooks/exhaustive-deps

./app/admin/email/page.tsx
105:6  Warning: React Hook useEffect has a missing dependency: 'loadLogs'. Either include it or remove the dependency array.  react-hooks/exhaustive-deps

./app/bulk-analysis/page-old.tsx
117:6  Warning: React Hook useEffect has a missing dependency: 'loadDomains'. Either include it or remove the dependency array.  react-hooks/exhaustive-deps

./app/bulk-analysis/page.tsx
53:6  Warning: React Hook useEffect has a missing dependency: 'loadData'. Either include it or remove the dependency array.  react-hooks/exhaustive-deps

./app/clients/[id]/bulk-analysis/page.tsx
42:6  Warning: React Hook useEffect has a missing dependency: 'loadClient'. Either include it or remove the dependency array.  react-hooks/exhaustive-deps
48:6  Warning: React Hook useEffect has a missing dependency: 'loadProjects'. Either include it or remove the dependency array.  react-hooks/exhaustive-deps

./app/clients/[id]/bulk-analysis/projects/[projectId]/page.tsx
260:6  Warning: React Hook useEffect has missing dependencies: 'loadClient' and 'loadProject'. Either include them or remove the dependency array.  react-hooks/exhaustive-deps
266:6  Warning: React Hook useEffect has a missing dependency: 'loadDomains'. Either include it or remove the dependency array.  react-hooks/exhaustive-deps

./app/clients/[id]/page.tsx
55:6  Warning: React Hook useEffect has a missing dependency: 'loadClient'. Either include it or remove the dependency array.  react-hooks/exhaustive-deps

./app/clients/page.tsx
51:6  Warning: React Hook useEffect has a missing dependency: 'router'. Either include it or remove the dependency array.  react-hooks/exhaustive-deps

./app/orders/[id]/edit/page.tsx
124:6  Warning: React Hook useEffect has a missing dependency: 'loadOrder'. Either include it or remove the dependency array.  react-hooks/exhaustive-deps
152:6  Warning: React Hook useEffect has a missing dependency: 'loadDomainsForClient'. Either include it or remove the dependency array.  react-hooks/exhaustive-deps
156:6  Warning: React Hook useEffect has a missing dependency: 'calculatePricing'. Either include it or remove the dependency array.  react-hooks/exhaustive-deps

./app/orders/[id]/page.tsx
75:6  Warning: React Hook useEffect has a missing dependency: 'loadOrder'. Either include it or remove the dependency array.  react-hooks/exhaustive-deps

./app/orders/builder/page.tsx
118:6  Warning: React Hook useEffect has a missing dependency: 'loadInitialData'. Either include it or remove the dependency array.  react-hooks/exhaustive-deps
264:6  Warning: React Hook useEffect has a missing dependency: 'calculatePricing'. Either include it or remove the dependency array.  react-hooks/exhaustive-deps

./app/orders/create/page.tsx
151:6  Warning: React Hook useEffect has a missing dependency: 'searchParams'. Either include it or remove the dependency array.  react-hooks/exhaustive-deps
171:6  Warning: React Hook useEffect has a missing dependency: 'calculatePricing'. Either include it or remove the dependency array.  react-hooks/exhaustive-deps

./app/orders/page.tsx
108:6  Warning: React Hook useEffect has a missing dependency: 'fetchOrders'. Either include it or remove the dependency array.  react-hooks/exhaustive-deps

./app/reset-password/page.tsx
31:6  Warning: React Hook useEffect has a missing dependency: 'validateToken'. Either include it or remove the dependency array.  react-hooks/exhaustive-deps

./components/BulkAnalysisResultsModal.tsx
45:6  Warning: React Hook useEffect has a missing dependency: 'fetchResults'. Either include it or remove the dependency array.  react-hooks/exhaustive-deps

./components/BulkAnalysisTable.tsx
182:6  Warning: React Hook useEffect has missing dependencies: 'props' and 'toggleExpanded'. Either include them or remove the dependency array. However, 'props' will change when *any* prop changes, so the preferred fix is to destructure the 'props' object outside of the useEffect call and refer to those specific props inside useEffect.  react-hooks/exhaustive-deps

./components/DataForSeoResultsModal.tsx
75:6  Warning: React Hook useEffect has missing dependencies: 'loadResults' and 'results.length'. Either include them or remove the dependency array.  react-hooks/exhaustive-deps

./components/GuidedTriageFlow.tsx
414:6  Warning: React Hook useEffect has missing dependencies: 'handleQualify' and 'props'. Either include them or remove the dependency array. However, 'props' will change when *any* prop changes, so the preferred fix is to destructure the 'props' object outside of the useEffect call and refer to those specific props inside useEffect.  react-hooks/exhaustive-deps

./components/StepForm.tsx
244:6  Warning: React Hook useEffect has missing dependencies: 'autoSaveTimer', 'handleSave', and 'step.outputs.finalArticle'. Either include them or remove the dependency array.  react-hooks/exhaustive-deps

./components/WorkflowList.tsx
29:6  Warning: React Hook useEffect has a missing dependency: 'filterWorkflows'. Either include it or remove the dependency array.  react-hooks/exhaustive-deps

./components/bulk-analysis/AirtableImportModal.tsx
45:6  Warning: React Hook useEffect has a missing dependency: 'searchWebsites'. Either include it or remove the dependency array.  react-hooks/exhaustive-deps

./components/bulk-analysis/InlineDatabaseSelector.tsx
111:6  Warning: React Hook useEffect has missing dependencies: 'loadCategories' and 'loadWebsites'. Either include them or remove the dependency array.  react-hooks/exhaustive-deps

./components/bulk-analysis/MoveToProjectDialog.tsx
41:6  Warning: React Hook useEffect has a missing dependency: 'loadProjects'. Either include it or remove the dependency array.  react-hooks/exhaustive-deps

./components/orders/OrderSelectionModal.tsx
37:6  Warning: React Hook useEffect has a missing dependency: 'loadDraftOrders'. Either include it or remove the dependency array.  react-hooks/exhaustive-deps

./components/steps/ClientLinkStep.tsx
82:6  Warning: React Hook useEffect has missing dependencies: 'onChange' and 'step.outputs'. Either include them or remove the dependency array. If 'onChange' changes too often, find the parent component that defines it and wrap that definition in useCallback.  react-hooks/exhaustive-deps

./components/steps/ClientMentionStep.tsx
63:6  Warning: React Hook useEffect has missing dependencies: 'onChange' and 'step.outputs'. Either include them or remove the dependency array. If 'onChange' changes too often, find the parent component that defines it and wrap that definition in useCallback.  react-hooks/exhaustive-deps

./components/steps/ExternalLinksStep.tsx
63:6  Warning: React Hook useEffect has missing dependencies: 'onChange' and 'step.outputs'. Either include them or remove the dependency array. If 'onChange' changes too often, find the parent component that defines it and wrap that definition in useCallback.  react-hooks/exhaustive-deps

./components/steps/InternalLinksStep.tsx
67:6  Warning: React Hook useEffect has missing dependencies: 'onChange' and 'step.outputs'. Either include them or remove the dependency array. If 'onChange' changes too often, find the parent component that defines it and wrap that definition in useCallback.  react-hooks/exhaustive-deps

./components/steps/KeywordResearchStepClean.tsx
60:9  Warning: The 'allActiveTargetPages' logical expression could make the dependencies of useEffect Hook (at line 102) change on every render. To fix this, wrap the initialization of 'allActiveTargetPages' in its own useMemo() Hook.  react-hooks/exhaustive-deps
60:9  Warning: The 'allActiveTargetPages' logical expression could make the dependencies of useCallback Hook (at line 171) change on every render. To fix this, wrap the initialization of 'allActiveTargetPages' in its own useMemo() Hook.  react-hooks/exhaustive-deps
60:9  Warning: The 'allActiveTargetPages' logical expression could make the dependencies of useEffect Hook (at line 254) change on every render. To fix this, wrap the initialization of 'allActiveTargetPages' in its own useMemo() Hook.  react-hooks/exhaustive-deps

./components/steps/TopicGenerationImproved.tsx
54:6  Warning: React Hook useEffect has a missing dependency: 'loadingClient'. Either include it or remove the dependency array.  react-hooks/exhaustive-deps
82:6  Warning: React Hook useEffect has missing dependencies: 'onChange' and 'step.outputs'. Either include them or remove the dependency array. If 'onChange' changes too often, find the parent component that defines it and wrap that definition in useCallback.  react-hooks/exhaustive-deps

./components/steps/TopicGenerationStepClean.tsx
52:6  Warning: React Hook useEffect has a missing dependency: 'loadingClient'. Either include it or remove the dependency array.  react-hooks/exhaustive-deps

./components/ui/AgenticFormattingChecker.tsx
116:6  Warning: React Hook useEffect has missing dependencies: 'hasLoadedSession' and 'onComplete'. Either include them or remove the dependency array. If 'onComplete' changes too often, find the parent component that defines it and wrap that definition in useCallback.  react-hooks/exhaustive-deps
129:6  Warning: React Hook useEffect has missing dependencies: 'checks', 'cleanedArticle', 'fixesApplied', 'onComplete', and 'sessionId'. Either include them or remove the dependency array. If 'onComplete' changes too often, find the parent component that defines it and wrap that definition in useCallback.  react-hooks/exhaustive-deps

./components/ui/AgenticOutlineGenerator.tsx
76:6  Warning: React Hook useEffect has missing dependencies: 'connectToSSE' and 'onComplete'. Either include them or remove the dependency array. If 'onComplete' changes too often, find the parent component that defines it and wrap that definition in useCallback.  react-hooks/exhaustive-deps

./components/ui/AgenticOutlineGeneratorV2.tsx
74:6  Warning: React Hook useEffect has missing dependencies: 'onComplete' and 'startPolling'. Either include them or remove the dependency array. If 'onComplete' changes too often, find the parent component that defines it and wrap that definition in useCallback.  react-hooks/exhaustive-deps

./components/websites/QualificationModal.tsx
41:6  Warning: React Hook useEffect has a missing dependency: 'loadClients'. Either include it or remove the dependency array.  react-hooks/exhaustive-deps

./components/websites/WebsiteDetailModal.tsx
91:6  Warning: React Hook useEffect has a missing dependency: 'loadWebsiteDetails'. Either include it or remove the dependency array.  react-hooks/exhaustive-deps

info  - Need to disable some ESLint rules? Learn more here: https://nextjs.org/docs/app/api-reference/config/eslint#disabling-rules
