node:events:502
      throw er; // Unhandled 'error' event
      ^

Error: listen EADDRINUSE: address already in use :::3001
    at Server.setupListenHandle [as _listen2] (node:net:1908:16)
    at listenInCluster (node:net:1965:12)
    at Server.listen (node:net:2067:7)
    at Function.listen (/home/ajay/guest post workflow backup/guest post workflow to upload to cloud/guest-post-workflow-worktrees/marketing/tools/blog-scraper/node_modules/express/lib/application.js:635:24)
    at file:///home/ajay/guest%20post%20workflow%20backup/guest%20post%20workflow%20to%20upload%20to%20cloud/guest-post-workflow-worktrees/marketing/tools/blog-scraper/index.js:228:5
    at ModuleJob.run (node:internal/modules/esm/module_job:263:25)
    at async ModuleLoader.import (node:internal/modules/esm/loader:540:24)
    at async asyncRunEntryPointWithESMLoader (node:internal/modules/run_main:117:5)
Emitted 'error' event on Server instance at:
    at emitErrorNT (node:net:1944:8)
    at process.processTicksAndRejections (node:internal/process/task_queues:82:21) {
  code: 'EADDRINUSE',
  errno: -98,
  syscall: 'listen',
  address: '::',
  port: 3001
}

Node.js v20.19.2
