
> linkio-blog-scraper@1.0.0 start
> node index.js

Blog scraper running at http://localhost:3001
Scraping 1/50: https://www.linkio.com/resource-page-link-building-guide/
Scraping 2/50: https://www.linkio.com/best-citation-building-services/
Scraping 3/50: https://www.linkio.com/link-disavows-good-or-bad/
Scraping 4/50: https://www.linkio.com/how-to-sort-and-filter-link-prospects/
Scraping 5/50: https://www.linkio.com/seo-case-study/
Scraping 6/50: https://www.linkio.com/seo-proposal/
Scraping 7/50: https://www.linkio.com/best-guest-posting-services/
Scraping 8/50: https://www.linkio.com/googles-latest-algorithm-updates/
Scraping 9/50: https://www.linkio.com/best-seo-newsletters/
Scraping 10/50: https://www.linkio.com/follow-up-email/
Scraping 11/50: https://www.linkio.com/email-outreach-templates/
Scraping 12/50: https://www.linkio.com/link-building-costs/
Scraping 13/50: https://www.linkio.com/simple-backlink-strategies/
Scraping 14/50: https://www.linkio.com/best-content-seo-tools/
Scraping 15/50: https://www.linkio.com/how-to-write-listicles/
Scraping 16/50: https://www.linkio.com/best-rank-tracking-tools-for-local-businesses-what-actually-matters/
Scraping 17/50: https://www.linkio.com/the-best-books-to-learn-seo-recommended-by-pros/
Scraping 18/50: https://www.linkio.com/edu-link-building-guide/
Scraping 19/50: https://www.linkio.com/anchor-text/
Scraping 20/50: https://www.linkio.com/seo-tutorial/
Scraping 21/50: https://www.linkio.com/best-email-finders/
Scraping 22/50: https://www.linkio.com/ecommerce-seo-case-study/
Scraping 23/50: https://www.linkio.com/how-to-get-high-authority-backlinks/
Scraping 24/50: https://www.linkio.com/how-to-find-email-addresses/
Scraping 25/50: https://www.linkio.com/broken-link-building-guide/
Scraping 26/50: https://www.linkio.com/best-directory-submission-services/
Scraping 27/50: https://www.linkio.com/how-to-track-multiple-vehicles-with-vehicle-tracking-software/
Scraping 28/50: https://www.linkio.com/best-link-building-services/
Scraping 29/50: https://www.linkio.com/using-seo-for-lead-generation-everything-you-need-to-know/
Scraping 30/50: https://www.linkio.com/guide-to-grow-your-blogs-audience-in-2023/
Scraping 31/50: https://www.linkio.com/how-to-use-seo-to-improve-your-conversion-rate/
Scraping 32/50: https://www.linkio.com/best-blogger-outreach-services/
Scraping 33/50: https://www.linkio.com/how-to-create-link-bait/
Scraping 34/50: https://www.linkio.com/top-seo-agencies/
Scraping 35/50: https://www.linkio.com/how-to-write-email-outreach-pitch/
Scraping 36/50: https://www.linkio.com/top-10-link-building-techniques/
Scraping 37/50: https://www.linkio.com/link-building-outreach-subject-lines/
Scraping 38/50: https://www.linkio.com/how-to-create-a-content-marketing-strategy-for-ecommerce/
Scraping 39/50: https://www.linkio.com/link-prospecting/
Scraping 40/50: https://www.linkio.com/social-media-link-building/
Scraping 41/50: https://www.linkio.com/from-zero-to-breakthrough-the-marketing-tactic-that-made-it-happen/
Scraping 42/50: https://www.linkio.com/youtube-seo/
Scraping 43/50: https://www.linkio.com/how-to-plan-software-project-with-seo/
Scraping 44/50: https://www.linkio.com/how-to-increase-domain-authority/
Scraping 45/50: https://www.linkio.com/how-startups-are-winning-with-real-tactics-that-actually-convert/
Scraping 46/50: https://www.linkio.com/best-digital-marketing-tips-from-experts/
Scraping 47/50: https://www.linkio.com/how-to-choose-the-best-seo-software-for-your-business/
Scraping 48/50: https://www.linkio.com/the-role-of-ai-in-seo-and-link-building/
Scraping 49/50: https://www.linkio.com/blogger-outreach-strategies/
Scraping 50/50: https://www.linkio.com/why-every-business-needs-a-website/
